Copyright 1986-2022 Xilinx, Inc. All Rights Reserved. Copyright 2022-2026 Advanced Micro Devices, Inc. All Rights Reserved.
---------------------------------------------------------------------------------------------------------------------------------------------------------------------------------------------------------------------------------------------------
| Tool Version : Vivado v.2026.1 (win64) Build 6511674 Tue Jun 16 11:02:23 MDT 2026
| Date         : Tue Jun 30 18:29:35 2026
| Host         : PC-Andre running 64-bit major release  (build 9200)
| Command      : report_timing_summary -max_paths 10 -routable_nets -report_unconstrained -file RV32I_CPU_ALU_timing_summary_routed.rpt -pb RV32I_CPU_ALU_timing_summary_routed.pb -rpx RV32I_CPU_ALU_timing_summary_routed.rpx -warn_on_violation
| Design       : RV32I_CPU_ALU
| Device       : 7z010-clg400
| Speed File   : -1  PRODUCTION 1.12 2019-11-22
| Design State : Routed
---------------------------------------------------------------------------------------------------------------------------------------------------------------------------------------------------------------------------------------------------

Timing Summary Report

------------------------------------------------------------------------------------------------
| Timer Settings
| --------------
------------------------------------------------------------------------------------------------

  Enable Multi Corner Analysis               :  Yes
  Enable Pessimism Removal                   :  Yes
  Pessimism Removal Resolution               :  Nearest Common Node
  Enable Input Delay Default Clock           :  No
  Enable Preset / Clear Arcs                 :  No
  Disable Flight Delays                      :  No
  Ignore I/O Paths                           :  No
  Timing Early Launch at Borrowing Latches   :  No
  Borrow Time for Max Delay Exceptions       :  Yes
  Merge Timing Exceptions                    :  Yes
  Inter-SLR Compensation                     :  Conservative

  Corner  Analyze    Analyze    
  Name    Max Paths  Min Paths  
  ------  ---------  ---------  
  Slow    Yes        Yes        
  Fast    Yes        Yes        


------------------------------------------------------------------------------------------------
| Report Methodology
| ------------------
------------------------------------------------------------------------------------------------

No report available as report_methodology has not been run prior. Run report_methodology on the current design for the summary of methodology violations.



check_timing report

Table of Contents
-----------------
1. checking no_clock (0)
2. checking constant_clock (0)
3. checking pulse_width_clock (0)
4. checking unconstrained_internal_endpoints (0)
5. checking no_input_delay (0)
6. checking no_output_delay (0)
7. checking multiple_clock (0)
8. checking generated_clocks (0)
9. checking loops (0)
10. checking partial_input_delay (0)
11. checking partial_output_delay (0)
12. checking latch_loops (0)

1. checking no_clock (0)
------------------------
 There are 0 register/latch pins with no clock.


2. checking constant_clock (0)
------------------------------
 There are 0 register/latch pins with constant_clock.


3. checking pulse_width_clock (0)
---------------------------------
 There are 0 register/latch pins which need pulse_width check


4. checking unconstrained_internal_endpoints (0)
------------------------------------------------
 There are 0 pins that are not constrained for maximum delay.

 There are 0 pins that are not constrained for maximum delay due to constant clock.


5. checking no_input_delay (0)
------------------------------
 There are 0 input ports with no input delay specified.

 There are 0 input ports with no input delay but user has a false path constraint.


6. checking no_output_delay (0)
-------------------------------
 There are 0 ports with no output delay specified.

 There are 0 ports with no output delay but user has a false path constraint

 There are 0 ports with no output delay but with a timing clock defined on it or propagating through it


7. checking multiple_clock (0)
------------------------------
 There are 0 register/latch pins with multiple clocks.


8. checking generated_clocks (0)
--------------------------------
 There are 0 generated clocks that are not connected to a clock source.


9. checking loops (0)
---------------------
 There are 0 combinational loops in the design.


10. checking partial_input_delay (0)
------------------------------------
 There are 0 input ports with partial input delay specified.


11. checking partial_output_delay (0)
-------------------------------------
 There are 0 ports with partial output delay specified.


12. checking latch_loops (0)
----------------------------
 There are 0 combinational latch loops in the design through latch input



------------------------------------------------------------------------------------------------
| Design Timing Summary
| ---------------------
------------------------------------------------------------------------------------------------

    WNS(ns)      TNS(ns)  TNS Failing Endpoints  TNS Total Endpoints      WHS(ns)      THS(ns)  THS Failing Endpoints  THS Total Endpoints     WPWS(ns)     TPWS(ns)  TPWS Failing Endpoints  TPWS Total Endpoints  
    -------      -------  ---------------------  -------------------      -------      -------  ---------------------  -------------------     --------     --------  ----------------------  --------------------  
        inf        0.000                      0                   32          inf        0.000                      0                   32           NA           NA                      NA                    NA  


There are no user specified timing constraints.


------------------------------------------------------------------------------------------------
| Clock Summary
| -------------
------------------------------------------------------------------------------------------------


------------------------------------------------------------------------------------------------
| Intra Clock Table
| -----------------
------------------------------------------------------------------------------------------------

Clock             WNS(ns)      TNS(ns)  TNS Failing Endpoints  TNS Total Endpoints      WHS(ns)      THS(ns)  THS Failing Endpoints  THS Total Endpoints     WPWS(ns)     TPWS(ns)  TPWS Failing Endpoints  TPWS Total Endpoints  
-----             -------      -------  ---------------------  -------------------      -------      -------  ---------------------  -------------------     --------     --------  ----------------------  --------------------  


------------------------------------------------------------------------------------------------
| Inter Clock Table
| -----------------
------------------------------------------------------------------------------------------------

From Clock    To Clock          WNS(ns)      TNS(ns)  TNS Failing Endpoints  TNS Total Endpoints      WHS(ns)      THS(ns)  THS Failing Endpoints  THS Total Endpoints  
----------    --------          -------      -------  ---------------------  -------------------      -------      -------  ---------------------  -------------------  


------------------------------------------------------------------------------------------------
| Other Path Groups Table
| -----------------------
------------------------------------------------------------------------------------------------

Path Group    From Clock    To Clock          WNS(ns)      TNS(ns)  TNS Failing Endpoints  TNS Total Endpoints      WHS(ns)      THS(ns)  THS Failing Endpoints  THS Total Endpoints  
----------    ----------    --------          -------      -------  ---------------------  -------------------      -------      -------  ---------------------  -------------------  


------------------------------------------------------------------------------------------------
| User Ignored Path Table
| -----------------------
------------------------------------------------------------------------------------------------

Path Group    From Clock    To Clock    
----------    ----------    --------    


------------------------------------------------------------------------------------------------
| Unconstrained Path Table
| ------------------------
------------------------------------------------------------------------------------------------

Path Group    From Clock    To Clock    
----------    ----------    --------    
(none)                                    


------------------------------------------------------------------------------------------------
| Timing Details
| --------------
------------------------------------------------------------------------------------------------


--------------------------------------------------------------------------------------
Path Group:  (none)
From Clock:  
  To Clock:  

Max Delay            32 Endpoints
Min Delay            32 Endpoints
--------------------------------------------------------------------------------------


Max Delay Paths
--------------------------------------------------------------------------------------
Slack:                    inf
  Source:                 i2[3]
                            (input port)
  Destination:            o[27]
                            (output port)
  Path Group:             (none)
  Path Type:              Max at Slow Process Corner
  Data Path Delay:        14.459ns  (logic 4.279ns (29.592%)  route 10.180ns (70.408%))
  Logic Levels:           5  (IBUF=1 LUT5=2 LUT6=1 OBUF=1)

    Location             Delay type                Incr(ns)  Path(ns)    Netlist Resource(s)
  -------------------------------------------------------------------    -------------------
    Y17                                               0.000     0.000 r  i2[3]
                         net (fo=0)                   0.000     0.000    i2[3]
    Y17                  IBUF (Prop_ibuf_I_O)         1.045     1.045 r  i2_IBUF[3]_inst/O
                         net (fo=92, routed)          5.163     6.208    i2_IBUF[3]
    SLICE_X35Y58         LUT5 (Prop_lut5_I1_O)        0.152     6.360 r  o_OBUF[27]_inst_i_8/O
                         net (fo=2, routed)           1.510     7.870    o_OBUF[27]_inst_i_8_n_0
    SLICE_X42Y63         LUT6 (Prop_lut6_I2_O)        0.326     8.196 r  o_OBUF[27]_inst_i_3/O
                         net (fo=1, routed)           0.670     8.866    o_OBUF[27]_inst_i_3_n_0
    SLICE_X42Y63         LUT5 (Prop_lut5_I2_O)        0.124     8.990 r  o_OBUF[27]_inst_i_1/O
                         net (fo=1, routed)           2.837    11.827    o_OBUF[27]
    A20                  OBUF (Prop_obuf_I_O)         2.632    14.459 r  o_OBUF[27]_inst/O
                         net (fo=0)                   0.000    14.459    o[27]
    A20                                                               r  o[27]
  -------------------------------------------------------------------    -------------------

Slack:                    inf
  Source:                 i1[16]
                            (input port)
  Destination:            o[19]
                            (output port)
  Path Group:             (none)
  Path Type:              Max at Slow Process Corner
  Data Path Delay:        13.992ns  (logic 4.084ns (29.184%)  route 9.909ns (70.816%))
  Logic Levels:           6  (IBUF=1 LUT5=1 LUT6=3 OBUF=1)

    Location             Delay type                Incr(ns)  Path(ns)    Netlist Resource(s)
  -------------------------------------------------------------------    -------------------
    Y18                                               0.000     0.000 r  i1[16]
                         net (fo=0)                   0.000     0.000    i1[16]
    Y18                  IBUF (Prop_ibuf_I_O)         0.983     0.983 r  i1_IBUF[16]_inst/O
                         net (fo=18, routed)          4.228     5.211    i1_IBUF[16]
    SLICE_X33Y59         LUT6 (Prop_lut6_I0_O)        0.124     5.335 r  o_OBUF[31]_inst_i_11/O
                         net (fo=4, routed)           0.856     6.191    o_OBUF[31]_inst_i_11_n_0
    SLICE_X34Y58         LUT6 (Prop_lut6_I5_O)        0.124     6.315 r  o_OBUF[19]_inst_i_7/O
                         net (fo=1, routed)           1.018     7.333    o_OBUF[19]_inst_i_7_n_0
    SLICE_X36Y58         LUT6 (Prop_lut6_I0_O)        0.124     7.457 r  o_OBUF[19]_inst_i_3/O
                         net (fo=1, routed)           1.104     8.561    o_OBUF[19]_inst_i_3_n_0
    SLICE_X42Y64         LUT5 (Prop_lut5_I2_O)        0.124     8.685 r  o_OBUF[19]_inst_i_1/O
                         net (fo=1, routed)           2.703    11.388    o_OBUF[19]
    F17                  OBUF (Prop_obuf_I_O)         2.604    13.992 r  o_OBUF[19]_inst/O
                         net (fo=0)                   0.000    13.992    o[19]
    F17                                                               r  o[19]
  -------------------------------------------------------------------    -------------------

Slack:                    inf
  Source:                 i1[25]
                            (input port)
  Destination:            o[20]
                            (output port)
  Path Group:             (none)
  Path Type:              Max at Slow Process Corner
  Data Path Delay:        13.759ns  (logic 4.352ns (31.632%)  route 9.407ns (68.368%))
  Logic Levels:           6  (IBUF=1 LUT5=2 LUT6=2 OBUF=1)

    Location             Delay type                Incr(ns)  Path(ns)    Netlist Resource(s)
  -------------------------------------------------------------------    -------------------
    U19                                               0.000     0.000 r  i1[25]
                         net (fo=0)                   0.000     0.000    i1[25]
    U19                  IBUF (Prop_ibuf_I_O)         1.013     1.013 r  i1_IBUF[25]_inst/O
                         net (fo=18, routed)          3.994     5.007    i1_IBUF[25]
    SLICE_X35Y59         LUT6 (Prop_lut6_I3_O)        0.124     5.131 r  o_OBUF[24]_inst_i_9/O
                         net (fo=5, routed)           1.051     6.182    o_OBUF[24]_inst_i_9_n_0
    SLICE_X37Y60         LUT5 (Prop_lut5_I2_O)        0.152     6.334 r  o_OBUF[20]_inst_i_5/O
                         net (fo=2, routed)           0.828     7.162    o_OBUF[20]_inst_i_5_n_0
    SLICE_X36Y59         LUT6 (Prop_lut6_I1_O)        0.332     7.494 r  o_OBUF[20]_inst_i_2/O
                         net (fo=1, routed)           0.845     8.339    o_OBUF[20]_inst_i_2_n_0
    SLICE_X39Y59         LUT5 (Prop_lut5_I0_O)        0.124     8.463 r  o_OBUF[20]_inst_i_1/O
                         net (fo=1, routed)           2.689    11.152    o_OBUF[20]
    F16                  OBUF (Prop_obuf_I_O)         2.607    13.759 r  o_OBUF[20]_inst/O
                         net (fo=0)                   0.000    13.759    o[20]
    F16                                                               r  o[20]
  -------------------------------------------------------------------    -------------------

Slack:                    inf
  Source:                 i1[17]
                            (input port)
  Destination:            o[17]
                            (output port)
  Path Group:             (none)
  Path Type:              Max at Slow Process Corner
  Data Path Delay:        13.699ns  (logic 4.157ns (30.343%)  route 9.543ns (69.657%))
  Logic Levels:           6  (IBUF=1 LUT5=1 LUT6=3 OBUF=1)

    Location             Delay type                Incr(ns)  Path(ns)    Netlist Resource(s)
  -------------------------------------------------------------------    -------------------
    W20                                               0.000     0.000 r  i1[17]
                         net (fo=0)                   0.000     0.000    i1[17]
    W20                  IBUF (Prop_ibuf_I_O)         0.977     0.977 r  i1_IBUF[17]_inst/O
                         net (fo=18, routed)          4.257     5.234    i1_IBUF[17]
    SLICE_X33Y60         LUT6 (Prop_lut6_I5_O)        0.124     5.358 r  o_OBUF[17]_inst_i_11/O
                         net (fo=5, routed)           0.867     6.224    o_OBUF[17]_inst_i_11_n_0
    SLICE_X32Y61         LUT6 (Prop_lut6_I5_O)        0.124     6.348 r  o_OBUF[17]_inst_i_6/O
                         net (fo=2, routed)           0.831     7.179    o_OBUF[17]_inst_i_6_n_0
    SLICE_X32Y59         LUT6 (Prop_lut6_I3_O)        0.124     7.303 r  o_OBUF[17]_inst_i_2/O
                         net (fo=1, routed)           1.052     8.354    o_OBUF[17]_inst_i_2_n_0
    SLICE_X38Y59         LUT5 (Prop_lut5_I0_O)        0.124     8.478 r  o_OBUF[17]_inst_i_1/O
                         net (fo=1, routed)           2.537    11.015    o_OBUF[17]
    M20                  OBUF (Prop_obuf_I_O)         2.684    13.699 r  o_OBUF[17]_inst/O
                         net (fo=0)                   0.000    13.699    o[17]
    M20                                                               r  o[17]
  -------------------------------------------------------------------    -------------------

Slack:                    inf
  Source:                 i2[0]
                            (input port)
  Destination:            o[12]
                            (output port)
  Path Group:             (none)
  Path Type:              Max at Slow Process Corner
  Data Path Delay:        13.680ns  (logic 4.145ns (30.301%)  route 9.535ns (69.699%))
  Logic Levels:           6  (IBUF=1 LUT5=1 LUT6=3 OBUF=1)

    Location             Delay type                Incr(ns)  Path(ns)    Netlist Resource(s)
  -------------------------------------------------------------------    -------------------
    T16                                               0.000     0.000 r  i2[0]
                         net (fo=0)                   0.000     0.000    i2[0]
    T16                  IBUF (Prop_ibuf_I_O)         1.013     1.013 r  i2_IBUF[0]_inst/O
                         net (fo=94, routed)          4.150     5.163    i2_IBUF[0]
    SLICE_X35Y57         LUT6 (Prop_lut6_I4_O)        0.124     5.287 r  o_OBUF[28]_inst_i_14/O
                         net (fo=4, routed)           0.924     6.211    o_OBUF[28]_inst_i_14_n_0
    SLICE_X36Y57         LUT6 (Prop_lut6_I1_O)        0.124     6.335 r  o_OBUF[28]_inst_i_7/O
                         net (fo=2, routed)           1.358     7.693    o_OBUF[28]_inst_i_7_n_0
    SLICE_X43Y61         LUT6 (Prop_lut6_I1_O)        0.124     7.817 r  o_OBUF[12]_inst_i_3/O
                         net (fo=1, routed)           0.670     8.487    o_OBUF[12]_inst_i_3_n_0
    SLICE_X43Y61         LUT5 (Prop_lut5_I2_O)        0.124     8.611 r  o_OBUF[12]_inst_i_1/O
                         net (fo=1, routed)           2.433    11.044    o_OBUF[12]
    K19                  OBUF (Prop_obuf_I_O)         2.636    13.680 r  o_OBUF[12]_inst/O
                         net (fo=0)                   0.000    13.680    o[12]
    K19                                                               r  o[12]
  -------------------------------------------------------------------    -------------------

Slack:                    inf
  Source:                 i1[1]
                            (input port)
  Destination:            o[22]
                            (output port)
  Path Group:             (none)
  Path Type:              Max at Slow Process Corner
  Data Path Delay:        13.657ns  (logic 4.272ns (31.278%)  route 9.386ns (68.722%))
  Logic Levels:           6  (IBUF=1 LUT4=1 LUT5=2 LUT6=1 OBUF=1)

    Location             Delay type                Incr(ns)  Path(ns)    Netlist Resource(s)
  -------------------------------------------------------------------    -------------------
    P16                                               0.000     0.000 r  i1[1]
                         net (fo=0)                   0.000     0.000    i1[1]
    P16                  IBUF (Prop_ibuf_I_O)         0.938     0.938 r  i1_IBUF[1]_inst/O
                         net (fo=19, routed)          3.932     4.870    i1_IBUF[1]
    SLICE_X37Y57         LUT5 (Prop_lut5_I2_O)        0.150     5.020 r  o_OBUF[30]_inst_i_14/O
                         net (fo=2, routed)           1.142     6.163    o_OBUF[30]_inst_i_14_n_0
    SLICE_X37Y60         LUT4 (Prop_lut4_I2_O)        0.326     6.489 r  o_OBUF[22]_inst_i_8/O
                         net (fo=2, routed)           0.798     7.287    o_OBUF[22]_inst_i_8_n_0
    SLICE_X39Y60         LUT6 (Prop_lut6_I2_O)        0.124     7.411 r  o_OBUF[22]_inst_i_3/O
                         net (fo=1, routed)           0.967     8.378    o_OBUF[22]_inst_i_3_n_0
    SLICE_X41Y63         LUT5 (Prop_lut5_I2_O)        0.124     8.502 r  o_OBUF[22]_inst_i_1/O
                         net (fo=1, routed)           2.546    11.048    o_OBUF[22]
    E18                  OBUF (Prop_obuf_I_O)         2.609    13.657 r  o_OBUF[22]_inst/O
                         net (fo=0)                   0.000    13.657    o[22]
    E18                                                               r  o[22]
  -------------------------------------------------------------------    -------------------

Slack:                    inf
  Source:                 i2[3]
                            (input port)
  Destination:            o[23]
                            (output port)
  Path Group:             (none)
  Path Type:              Max at Slow Process Corner
  Data Path Delay:        13.629ns  (logic 4.040ns (29.644%)  route 9.589ns (70.356%))
  Logic Levels:           5  (IBUF=1 LUT4=1 LUT6=2 OBUF=1)

    Location             Delay type                Incr(ns)  Path(ns)    Netlist Resource(s)
  -------------------------------------------------------------------    -------------------
    Y17                                               0.000     0.000 f  i2[3]
                         net (fo=0)                   0.000     0.000    i2[3]
    Y17                  IBUF (Prop_ibuf_I_O)         1.045     1.045 f  i2_IBUF[3]_inst/O
                         net (fo=92, routed)          5.163     6.208    i2_IBUF[3]
    SLICE_X35Y58         LUT4 (Prop_lut4_I3_O)        0.124     6.332 r  o_OBUF[23]_inst_i_8/O
                         net (fo=2, routed)           0.815     7.147    o_OBUF[23]_inst_i_8_n_0
    SLICE_X38Y60         LUT6 (Prop_lut6_I2_O)        0.124     7.271 r  o_OBUF[23]_inst_i_3/O
                         net (fo=1, routed)           0.945     8.216    o_OBUF[23]_inst_i_3_n_0
    SLICE_X38Y64         LUT6 (Prop_lut6_I3_O)        0.124     8.340 r  o_OBUF[23]_inst_i_1/O
                         net (fo=1, routed)           2.665    11.006    o_OBUF[23]
    D20                  OBUF (Prop_obuf_I_O)         2.623    13.629 r  o_OBUF[23]_inst/O
                         net (fo=0)                   0.000    13.629    o[23]
    D20                                                               r  o[23]
  -------------------------------------------------------------------    -------------------

Slack:                    inf
  Source:                 i1[17]
                            (input port)
  Destination:            o[30]
                            (output port)
  Path Group:             (none)
  Path Type:              Max at Slow Process Corner
  Data Path Delay:        13.618ns  (logic 4.096ns (30.077%)  route 9.522ns (69.923%))
  Logic Levels:           6  (IBUF=1 LUT5=1 LUT6=3 OBUF=1)

    Location             Delay type                Incr(ns)  Path(ns)    Netlist Resource(s)
  -------------------------------------------------------------------    -------------------
    W20                                               0.000     0.000 r  i1[17]
                         net (fo=0)                   0.000     0.000    i1[17]
    W20                  IBUF (Prop_ibuf_I_O)         0.977     0.977 r  i1_IBUF[17]_inst/O
                         net (fo=18, routed)          4.275     5.252    i1_IBUF[17]
    SLICE_X34Y59         LUT6 (Prop_lut6_I3_O)        0.124     5.376 r  o_OBUF[30]_inst_i_10/O
                         net (fo=4, routed)           1.087     6.463    o_OBUF[30]_inst_i_10_n_0
    SLICE_X37Y61         LUT6 (Prop_lut6_I0_O)        0.124     6.587 r  o_OBUF[30]_inst_i_7/O
                         net (fo=1, routed)           0.284     6.871    o_OBUF[30]_inst_i_7_n_0
    SLICE_X39Y61         LUT6 (Prop_lut6_I0_O)        0.124     6.995 r  o_OBUF[30]_inst_i_3/O
                         net (fo=1, routed)           1.135     8.130    o_OBUF[30]_inst_i_3_n_0
    SLICE_X40Y64         LUT5 (Prop_lut5_I2_O)        0.124     8.254 r  o_OBUF[30]_inst_i_1/O
                         net (fo=1, routed)           2.741    10.995    o_OBUF[30]
    C20                  OBUF (Prop_obuf_I_O)         2.623    13.618 r  o_OBUF[30]_inst/O
                         net (fo=0)                   0.000    13.618    o[30]
    C20                                                               r  o[30]
  -------------------------------------------------------------------    -------------------

Slack:                    inf
  Source:                 i2[0]
                            (input port)
  Destination:            o[28]
                            (output port)
  Path Group:             (none)
  Path Type:              Max at Slow Process Corner
  Data Path Delay:        13.574ns  (logic 4.137ns (30.479%)  route 9.437ns (69.521%))
  Logic Levels:           6  (IBUF=1 LUT6=4 OBUF=1)

    Location             Delay type                Incr(ns)  Path(ns)    Netlist Resource(s)
  -------------------------------------------------------------------    -------------------
    T16                                               0.000     0.000 r  i2[0]
                         net (fo=0)                   0.000     0.000    i2[0]
    T16                  IBUF (Prop_ibuf_I_O)         1.013     1.013 r  i2_IBUF[0]_inst/O
                         net (fo=94, routed)          4.150     5.163    i2_IBUF[0]
    SLICE_X35Y57         LUT6 (Prop_lut6_I4_O)        0.124     5.287 r  o_OBUF[28]_inst_i_14/O
                         net (fo=4, routed)           0.924     6.211    o_OBUF[28]_inst_i_14_n_0
    SLICE_X36Y57         LUT6 (Prop_lut6_I1_O)        0.124     6.335 r  o_OBUF[28]_inst_i_7/O
                         net (fo=2, routed)           0.981     7.316    o_OBUF[28]_inst_i_7_n_0
    SLICE_X41Y63         LUT6 (Prop_lut6_I2_O)        0.124     7.440 r  o_OBUF[28]_inst_i_3/O
                         net (fo=1, routed)           0.805     8.245    o_OBUF[28]_inst_i_3_n_0
    SLICE_X42Y64         LUT6 (Prop_lut6_I3_O)        0.124     8.369 r  o_OBUF[28]_inst_i_1/O
                         net (fo=1, routed)           2.576    10.946    o_OBUF[28]
    B19                  OBUF (Prop_obuf_I_O)         2.628    13.574 r  o_OBUF[28]_inst/O
                         net (fo=0)                   0.000    13.574    o[28]
    B19                                                               r  o[28]
  -------------------------------------------------------------------    -------------------

Slack:                    inf
  Source:                 i1[25]
                            (input port)
  Destination:            o[21]
                            (output port)
  Path Group:             (none)
  Path Type:              Max at Slow Process Corner
  Data Path Delay:        13.571ns  (logic 4.133ns (30.452%)  route 9.438ns (69.548%))
  Logic Levels:           6  (IBUF=1 LUT5=2 LUT6=2 OBUF=1)

    Location             Delay type                Incr(ns)  Path(ns)    Netlist Resource(s)
  -------------------------------------------------------------------    -------------------
    U19                                               0.000     0.000 r  i1[25]
                         net (fo=0)                   0.000     0.000    i1[25]
    U19                  IBUF (Prop_ibuf_I_O)         1.013     1.013 r  i1_IBUF[25]_inst/O
                         net (fo=18, routed)          3.814     4.828    i1_IBUF[25]
    SLICE_X33Y61         LUT6 (Prop_lut6_I5_O)        0.124     4.952 r  o_OBUF[25]_inst_i_11/O
                         net (fo=7, routed)           1.070     6.021    o_OBUF[25]_inst_i_11_n_0
    SLICE_X33Y62         LUT5 (Prop_lut5_I2_O)        0.124     6.145 r  o_OBUF[21]_inst_i_6/O
                         net (fo=2, routed)           0.676     6.821    o_OBUF[21]_inst_i_6_n_0
    SLICE_X33Y62         LUT6 (Prop_lut6_I3_O)        0.124     6.945 r  o_OBUF[21]_inst_i_2/O
                         net (fo=1, routed)           1.211     8.156    o_OBUF[21]_inst_i_2_n_0
    SLICE_X40Y63         LUT5 (Prop_lut5_I0_O)        0.124     8.280 r  o_OBUF[21]_inst_i_1/O
                         net (fo=1, routed)           2.667    10.947    o_OBUF[21]
    E19                  OBUF (Prop_obuf_I_O)         2.623    13.571 r  o_OBUF[21]_inst/O
                         net (fo=0)                   0.000    13.571    o[21]
    E19                                                               r  o[21]
  -------------------------------------------------------------------    -------------------





Min Delay Paths
--------------------------------------------------------------------------------------
Slack:                    inf
  Source:                 alu_op[3]
                            (input port)
  Destination:            o[2]
                            (output port)
  Path Group:             (none)
  Path Type:              Min at Fast Process Corner
  Data Path Delay:        2.325ns  (logic 1.353ns (58.186%)  route 0.972ns (41.814%))
  Logic Levels:           3  (IBUF=1 LUT5=1 OBUF=1)

    Location             Delay type                Incr(ns)  Path(ns)    Netlist Resource(s)
  -------------------------------------------------------------------    -------------------
    G18                                               0.000     0.000 r  alu_op[3]
                         net (fo=0)                   0.000     0.000    alu_op[3]
    G18                  IBUF (Prop_ibuf_I_O)         0.176     0.176 r  alu_op_IBUF[3]_inst/O
                         net (fo=32, routed)          0.534     0.710    alu_op_IBUF[3]
    SLICE_X39Y61         LUT5 (Prop_lut5_I1_O)        0.045     0.755 r  o_OBUF[2]_inst_i_1/O
                         net (fo=1, routed)           0.438     1.193    o_OBUF[2]
    F19                  OBUF (Prop_obuf_I_O)         1.132     2.325 r  o_OBUF[2]_inst/O
                         net (fo=0)                   0.000     2.325    o[2]
    F19                                                               r  o[2]
  -------------------------------------------------------------------    -------------------

Slack:                    inf
  Source:                 alu_op[2]
                            (input port)
  Destination:            o[0]
                            (output port)
  Path Group:             (none)
  Path Type:              Min at Fast Process Corner
  Data Path Delay:        2.403ns  (logic 1.359ns (56.552%)  route 1.044ns (43.448%))
  Logic Levels:           3  (IBUF=1 LUT5=1 OBUF=1)

    Location             Delay type                Incr(ns)  Path(ns)    Netlist Resource(s)
  -------------------------------------------------------------------    -------------------
    J20                                               0.000     0.000 r  alu_op[2]
                         net (fo=0)                   0.000     0.000    alu_op[2]
    J20                  IBUF (Prop_ibuf_I_O)         0.178     0.178 r  alu_op_IBUF[2]_inst/O
                         net (fo=35, routed)          0.635     0.812    alu_op_IBUF[2]
    SLICE_X43Y61         LUT5 (Prop_lut5_I3_O)        0.045     0.857 r  o_OBUF[0]_inst_i_1/O
                         net (fo=1, routed)           0.409     1.267    o_OBUF[0]
    G17                  OBUF (Prop_obuf_I_O)         1.136     2.403 r  o_OBUF[0]_inst/O
                         net (fo=0)                   0.000     2.403    o[0]
    G17                                                               r  o[0]
  -------------------------------------------------------------------    -------------------

Slack:                    inf
  Source:                 alu_op[2]
                            (input port)
  Destination:            o[3]
                            (output port)
  Path Group:             (none)
  Path Type:              Min at Fast Process Corner
  Data Path Delay:        2.407ns  (logic 1.363ns (56.620%)  route 1.044ns (43.380%))
  Logic Levels:           3  (IBUF=1 LUT5=1 OBUF=1)

    Location             Delay type                Incr(ns)  Path(ns)    Netlist Resource(s)
  -------------------------------------------------------------------    -------------------
    J20                                               0.000     0.000 r  alu_op[2]
                         net (fo=0)                   0.000     0.000    alu_op[2]
    J20                  IBUF (Prop_ibuf_I_O)         0.178     0.178 r  alu_op_IBUF[2]_inst/O
                         net (fo=35, routed)          0.565     0.743    alu_op_IBUF[2]
    SLICE_X37Y63         LUT5 (Prop_lut5_I3_O)        0.045     0.788 r  o_OBUF[3]_inst_i_1/O
                         net (fo=1, routed)           0.479     1.267    o_OBUF[3]
    H18                  OBUF (Prop_obuf_I_O)         1.140     2.407 r  o_OBUF[3]_inst/O
                         net (fo=0)                   0.000     2.407    o[3]
    H18                                                               r  o[3]
  -------------------------------------------------------------------    -------------------

Slack:                    inf
  Source:                 alu_op[3]
                            (input port)
  Destination:            o[5]
                            (output port)
  Path Group:             (none)
  Path Type:              Min at Fast Process Corner
  Data Path Delay:        2.439ns  (logic 1.344ns (55.098%)  route 1.095ns (44.902%))
  Logic Levels:           3  (IBUF=1 LUT5=1 OBUF=1)

    Location             Delay type                Incr(ns)  Path(ns)    Netlist Resource(s)
  -------------------------------------------------------------------    -------------------
    G18                                               0.000     0.000 r  alu_op[3]
                         net (fo=0)                   0.000     0.000    alu_op[3]
    G18                  IBUF (Prop_ibuf_I_O)         0.176     0.176 r  alu_op_IBUF[3]_inst/O
                         net (fo=32, routed)          0.594     0.770    alu_op_IBUF[3]
    SLICE_X38Y62         LUT5 (Prop_lut5_I1_O)        0.045     0.815 r  o_OBUF[5]_inst_i_1/O
                         net (fo=1, routed)           0.501     1.316    o_OBUF[5]
    H17                  OBUF (Prop_obuf_I_O)         1.123     2.439 r  o_OBUF[5]_inst/O
                         net (fo=0)                   0.000     2.439    o[5]
    H17                                                               r  o[5]
  -------------------------------------------------------------------    -------------------

Slack:                    inf
  Source:                 alu_op[2]
                            (input port)
  Destination:            o[6]
                            (output port)
  Path Group:             (none)
  Path Type:              Min at Fast Process Corner
  Data Path Delay:        2.450ns  (logic 1.345ns (54.897%)  route 1.105ns (45.103%))
  Logic Levels:           3  (IBUF=1 LUT5=1 OBUF=1)

    Location             Delay type                Incr(ns)  Path(ns)    Netlist Resource(s)
  -------------------------------------------------------------------    -------------------
    J20                                               0.000     0.000 r  alu_op[2]
                         net (fo=0)                   0.000     0.000    alu_op[2]
    J20                  IBUF (Prop_ibuf_I_O)         0.178     0.178 r  alu_op_IBUF[2]_inst/O
                         net (fo=35, routed)          0.565     0.742    alu_op_IBUF[2]
    SLICE_X42Y63         LUT5 (Prop_lut5_I3_O)        0.045     0.787 r  o_OBUF[6]_inst_i_1/O
                         net (fo=1, routed)           0.540     1.328    o_OBUF[6]
    H16                  OBUF (Prop_obuf_I_O)         1.122     2.450 r  o_OBUF[6]_inst/O
                         net (fo=0)                   0.000     2.450    o[6]
    H16                                                               r  o[6]
  -------------------------------------------------------------------    -------------------

Slack:                    inf
  Source:                 alu_op[3]
                            (input port)
  Destination:            o[28]
                            (output port)
  Path Group:             (none)
  Path Type:              Min at Fast Process Corner
  Data Path Delay:        2.524ns  (logic 1.365ns (54.087%)  route 1.159ns (45.913%))
  Logic Levels:           3  (IBUF=1 LUT6=1 OBUF=1)

    Location             Delay type                Incr(ns)  Path(ns)    Netlist Resource(s)
  -------------------------------------------------------------------    -------------------
    G18                                               0.000     0.000 r  alu_op[3]
                         net (fo=0)                   0.000     0.000    alu_op[3]
    G18                  IBUF (Prop_ibuf_I_O)         0.176     0.176 r  alu_op_IBUF[3]_inst/O
                         net (fo=32, routed)          0.464     0.639    alu_op_IBUF[3]
    SLICE_X42Y64         LUT6 (Prop_lut6_I2_O)        0.045     0.684 r  o_OBUF[28]_inst_i_1/O
                         net (fo=1, routed)           0.695     1.380    o_OBUF[28]
    B19                  OBUF (Prop_obuf_I_O)         1.145     2.524 r  o_OBUF[28]_inst/O
                         net (fo=0)                   0.000     2.524    o[28]
    B19                                                               r  o[28]
  -------------------------------------------------------------------    -------------------

Slack:                    inf
  Source:                 alu_op[3]
                            (input port)
  Destination:            o[11]
                            (output port)
  Path Group:             (none)
  Path Type:              Min at Fast Process Corner
  Data Path Delay:        2.536ns  (logic 1.376ns (54.264%)  route 1.160ns (45.736%))
  Logic Levels:           3  (IBUF=1 LUT5=1 OBUF=1)

    Location             Delay type                Incr(ns)  Path(ns)    Netlist Resource(s)
  -------------------------------------------------------------------    -------------------
    G18                                               0.000     0.000 r  alu_op[3]
                         net (fo=0)                   0.000     0.000    alu_op[3]
    G18                  IBUF (Prop_ibuf_I_O)         0.176     0.176 r  alu_op_IBUF[3]_inst/O
                         net (fo=32, routed)          0.612     0.787    alu_op_IBUF[3]
    SLICE_X40Y63         LUT5 (Prop_lut5_I1_O)        0.045     0.832 r  o_OBUF[11]_inst_i_1/O
                         net (fo=1, routed)           0.548     1.380    o_OBUF[11]
    J19                  OBUF (Prop_obuf_I_O)         1.155     2.536 r  o_OBUF[11]_inst/O
                         net (fo=0)                   0.000     2.536    o[11]
    J19                                                               r  o[11]
  -------------------------------------------------------------------    -------------------

Slack:                    inf
  Source:                 alu_op[2]
                            (input port)
  Destination:            o[9]
                            (output port)
  Path Group:             (none)
  Path Type:              Min at Fast Process Corner
  Data Path Delay:        2.553ns  (logic 1.381ns (54.101%)  route 1.172ns (45.899%))
  Logic Levels:           3  (IBUF=1 LUT6=1 OBUF=1)

    Location             Delay type                Incr(ns)  Path(ns)    Netlist Resource(s)
  -------------------------------------------------------------------    -------------------
    J20                                               0.000     0.000 r  alu_op[2]
                         net (fo=0)                   0.000     0.000    alu_op[2]
    J20                  IBUF (Prop_ibuf_I_O)         0.178     0.178 r  alu_op_IBUF[2]_inst/O
                         net (fo=35, routed)          0.616     0.794    alu_op_IBUF[2]
    SLICE_X39Y63         LUT6 (Prop_lut6_I4_O)        0.045     0.839 r  o_OBUF[9]_inst_i_1/O
                         net (fo=1, routed)           0.556     1.395    o_OBUF[9]
    L17                  OBUF (Prop_obuf_I_O)         1.159     2.553 r  o_OBUF[9]_inst/O
                         net (fo=0)                   0.000     2.553    o[9]
    L17                                                               r  o[9]
  -------------------------------------------------------------------    -------------------

Slack:                    inf
  Source:                 alu_op[3]
                            (input port)
  Destination:            o[4]
                            (output port)
  Path Group:             (none)
  Path Type:              Min at Fast Process Corner
  Data Path Delay:        2.567ns  (logic 1.364ns (53.135%)  route 1.203ns (46.865%))
  Logic Levels:           3  (IBUF=1 LUT5=1 OBUF=1)

    Location             Delay type                Incr(ns)  Path(ns)    Netlist Resource(s)
  -------------------------------------------------------------------    -------------------
    G18                                               0.000     0.000 r  alu_op[3]
                         net (fo=0)                   0.000     0.000    alu_op[3]
    G18                  IBUF (Prop_ibuf_I_O)         0.176     0.176 r  alu_op_IBUF[3]_inst/O
                         net (fo=32, routed)          0.625     0.800    alu_op_IBUF[3]
    SLICE_X39Y59         LUT5 (Prop_lut5_I1_O)        0.045     0.845 r  o_OBUF[4]_inst_i_1/O
                         net (fo=1, routed)           0.578     1.424    o_OBUF[4]
    J18                  OBUF (Prop_obuf_I_O)         1.143     2.567 r  o_OBUF[4]_inst/O
                         net (fo=0)                   0.000     2.567    o[4]
    J18                                                               r  o[4]
  -------------------------------------------------------------------    -------------------

Slack:                    inf
  Source:                 alu_op[3]
                            (input port)
  Destination:            o[15]
                            (output port)
  Path Group:             (none)
  Path Type:              Min at Fast Process Corner
  Data Path Delay:        2.569ns  (logic 1.419ns (55.241%)  route 1.150ns (44.759%))
  Logic Levels:           3  (IBUF=1 LUT5=1 OBUF=1)

    Location             Delay type                Incr(ns)  Path(ns)    Netlist Resource(s)
  -------------------------------------------------------------------    -------------------
    G18                                               0.000     0.000 r  alu_op[3]
                         net (fo=0)                   0.000     0.000    alu_op[3]
    G18                  IBUF (Prop_ibuf_I_O)         0.176     0.176 r  alu_op_IBUF[3]_inst/O
                         net (fo=32, routed)          0.533     0.708    alu_op_IBUF[3]
    SLICE_X43Y64         LUT5 (Prop_lut5_I1_O)        0.045     0.753 r  o_OBUF[15]_inst_i_1/O
                         net (fo=1, routed)           0.617     1.371    o_OBUF[15]
    M18                  OBUF (Prop_obuf_I_O)         1.199     2.569 r  o_OBUF[15]_inst/O
                         net (fo=0)                   0.000     2.569    o[15]
    M18                                                               r  o[15]
  -------------------------------------------------------------------    -------------------





